-------------------------------------------------------------------------------
Test set: CreateReservationWhiteboxTest
-------------------------------------------------------------------------------
Tests run: 3, Failures: 1, Errors: 0, Skipped: 0, Time elapsed: 0.768 sec <<< FAILURE! - in CreateReservationWhiteboxTest
test2(CreateReservationWhiteboxTest)  Time elapsed: 0.038 sec  <<< FAILURE!
java.lang.AssertionError
	at CreateReservationWhiteboxTest.test2(CreateReservationWhiteboxTest.java:93)

