-------------------------------------------------------------------------------
Test set: CreateReservationBlackboxMockTest
-------------------------------------------------------------------------------
Tests run: 12, Failures: 0, Errors: 12, Skipped: 0, Time elapsed: 0.001 sec <<< FAILURE! - in CreateReservationBlackboxMockTest
testCase4_nullTraveler(CreateReservationBlackboxMockTest)  Time elapsed: 0 sec  <<< ERROR!
org.mockito.exceptions.base.MockitoException: 

The used MockMaker SubclassByteBuddyMockMaker does not support the creation of static mocks

Mockito's inline mock maker supports static mocks based on the Instrumentation API.
You can simply enable this mock mode, by placing the 'mockito-inline' artifact where you are currently using 'mockito-core'.
Note that Mockito's inline mock maker is not supported on Android.
	at CreateReservationBlackboxMockTest.init(CreateReservationBlackboxMockTest.java:46)

testCase4_nullTraveler(CreateReservationBlackboxMockTest)  Time elapsed: 0 sec  <<< ERROR!
java.lang.NullPointerException: Cannot invoke "org.mockito.MockedStatic.close()" because "this.persistenceMock" is null
	at CreateReservationBlackboxMockTest.tearDown(CreateReservationBlackboxMockTest.java:58)

testCase5_nullRide(CreateReservationBlackboxMockTest)  Time elapsed: 0.001 sec  <<< ERROR!
org.mockito.exceptions.base.MockitoException: 

The used MockMaker SubclassByteBuddyMockMaker does not support the creation of static mocks

Mockito's inline mock maker supports static mocks based on the Instrumentation API.
You can simply enable this mock mode, by placing the 'mockito-inline' artifact where you are currently using 'mockito-core'.
Note that Mockito's inline mock maker is not supported on Android.
	at CreateReservationBlackboxMockTest.init(CreateReservationBlackboxMockTest.java:46)

testCase5_nullRide(CreateReservationBlackboxMockTest)  Time elapsed: 0.001 sec  <<< ERROR!
java.lang.NullPointerException: Cannot invoke "org.mockito.MockedStatic.close()" because "this.persistenceMock" is null
	at CreateReservationBlackboxMockTest.tearDown(CreateReservationBlackboxMockTest.java:58)

testCase1_successfulReservation(CreateReservationBlackboxMockTest)  Time elapsed: 0 sec  <<< ERROR!
org.mockito.exceptions.base.MockitoException: 

The used MockMaker SubclassByteBuddyMockMaker does not support the creation of static mocks

Mockito's inline mock maker supports static mocks based on the Instrumentation API.
You can simply enable this mock mode, by placing the 'mockito-inline' artifact where you are currently using 'mockito-core'.
Note that Mockito's inline mock maker is not supported on Android.
	at CreateReservationBlackboxMockTest.init(CreateReservationBlackboxMockTest.java:46)

testCase1_successfulReservation(CreateReservationBlackboxMockTest)  Time elapsed: 0 sec  <<< ERROR!
java.lang.NullPointerException: Cannot invoke "org.mockito.MockedStatic.close()" because "this.persistenceMock" is null
	at CreateReservationBlackboxMockTest.tearDown(CreateReservationBlackboxMockTest.java:58)

testCase6_zeroPlaces(CreateReservationBlackboxMockTest)  Time elapsed: 0 sec  <<< ERROR!
org.mockito.exceptions.base.MockitoException: 

The used MockMaker SubclassByteBuddyMockMaker does not support the creation of static mocks

Mockito's inline mock maker supports static mocks based on the Instrumentation API.
You can simply enable this mock mode, by placing the 'mockito-inline' artifact where you are currently using 'mockito-core'.
Note that Mockito's inline mock maker is not supported on Android.
	at CreateReservationBlackboxMockTest.init(CreateReservationBlackboxMockTest.java:46)

testCase6_zeroPlaces(CreateReservationBlackboxMockTest)  Time elapsed: 0 sec  <<< ERROR!
java.lang.NullPointerException: Cannot invoke "org.mockito.MockedStatic.close()" because "this.persistenceMock" is null
	at CreateReservationBlackboxMockTest.tearDown(CreateReservationBlackboxMockTest.java:58)

testCase3_tooManyPlaces(CreateReservationBlackboxMockTest)  Time elapsed: 0 sec  <<< ERROR!
org.mockito.exceptions.base.MockitoException: 

The used MockMaker SubclassByteBuddyMockMaker does not support the creation of static mocks

Mockito's inline mock maker supports static mocks based on the Instrumentation API.
You can simply enable this mock mode, by placing the 'mockito-inline' artifact where you are currently using 'mockito-core'.
Note that Mockito's inline mock maker is not supported on Android.
	at CreateReservationBlackboxMockTest.init(CreateReservationBlackboxMockTest.java:46)

testCase3_tooManyPlaces(CreateReservationBlackboxMockTest)  Time elapsed: 0 sec  <<< ERROR!
java.lang.NullPointerException: Cannot invoke "org.mockito.MockedStatic.close()" because "this.persistenceMock" is null
	at CreateReservationBlackboxMockTest.tearDown(CreateReservationBlackboxMockTest.java:58)

testCase2_notEnoughMoney(CreateReservationBlackboxMockTest)  Time elapsed: 0 sec  <<< ERROR!
org.mockito.exceptions.base.MockitoException: 

The used MockMaker SubclassByteBuddyMockMaker does not support the creation of static mocks

Mockito's inline mock maker supports static mocks based on the Instrumentation API.
You can simply enable this mock mode, by placing the 'mockito-inline' artifact where you are currently using 'mockito-core'.
Note that Mockito's inline mock maker is not supported on Android.
	at CreateReservationBlackboxMockTest.init(CreateReservationBlackboxMockTest.java:46)

testCase2_notEnoughMoney(CreateReservationBlackboxMockTest)  Time elapsed: 0 sec  <<< ERROR!
java.lang.NullPointerException: Cannot invoke "org.mockito.MockedStatic.close()" because "this.persistenceMock" is null
	at CreateReservationBlackboxMockTest.tearDown(CreateReservationBlackboxMockTest.java:58)

