-------------------------------------------------------------------------------
Test set: DeleteUserWhiteboxTest
-------------------------------------------------------------------------------
Tests run: 4, Failures: 2, Errors: 0, Skipped: 0, Time elapsed: 0.094 sec <<< FAILURE! - in DeleteUserWhiteboxTest
testCase1_travelerWithReservations(DeleteUserWhiteboxTest)  Time elapsed: 0.025 sec  <<< FAILURE!
java.lang.AssertionError
	at DeleteUserWhiteboxTest.testCase1_travelerWithReservations(DeleteUserWhiteboxTest.java:21)

testCase2_driverWithRides(DeleteUserWhiteboxTest)  Time elapsed: 0.02 sec  <<< FAILURE!
java.lang.AssertionError
	at DeleteUserWhiteboxTest.testCase2_driverWithRides(DeleteUserWhiteboxTest.java:36)

