<?xml version="1.0" encoding="UTF-8"?>
<testsuite xmlns:xsi="http://www.w3.org/2001/XMLSchema-instance" xsi:schemaLocation="https://maven.apache.org/surefire/maven-surefire-plugin/xsd/surefire-test-report.xsd" name="DeleteUserWhiteboxMockTest" time="0.004" tests="10" errors="10" skipped="0" failures="0">
  <properties>
[...]
</properties>
  <testcase name="testCase4_invalidUser" classname="DeleteUserWhiteboxMockTest" time="0">
    <error message="&#10;The used MockMaker SubclassByteBuddyMockMaker does not support the creation of static mocks&#10;&#10;Mockito&apos;s inline mock maker supports static mocks based on the Instrumentation API.&#10;You can simply enable this mock mode, by placing the &apos;mockito-inline&apos; artifact where you are currently using &apos;mockito-core&apos;.&#10;Note that Mockito&apos;s inline mock maker is not supported on Android." type="org.mockito.exceptions.base.MockitoException">org.mockito.exceptions.base.MockitoException: 

The used MockMaker SubclassByteBuddyMockMaker does not support the creation of static mocks

Mockito's inline mock maker supports static mocks based on the Instrumentation API.
You can simply enable this mock mode, by placing the 'mockito-inline' artifact where you are currently using 'mockito-core'.
Note that Mockito's inline mock maker is not supported on Android.
	at DeleteUserWhiteboxMockTest.init(DeleteUserWhiteboxMockTest.java:23)
</error>
  </testcase>
  <testcase name="testCase4_invalidUser" classname="DeleteUserWhiteboxMockTest" time="0">
    <error message="Cannot invoke &quot;org.mockito.MockedStatic.close()&quot; because &quot;this.persistenceMock&quot; is null" type="java.lang.NullPointerException">java.lang.NullPointerException: Cannot invoke "org.mockito.MockedStatic.close()" because "this.persistenceMock" is null
	at DeleteUserWhiteboxMockTest.tearDown(DeleteUserWhiteboxMockTest.java:33)
</error>
  </testcase>
  <testcase name="testCase3_admin" classname="DeleteUserWhiteboxMockTest" time="0.001">
    <error message="&#10;The used MockMaker SubclassByteBuddyMockMaker does not support the creation of static mocks&#10;&#10;Mockito&apos;s inline mock maker supports static mocks based on the Instrumentation API.&#10;You can simply enable this mock mode, by placing the &apos;mockito-inline&apos; artifact where you are currently using &apos;mockito-core&apos;.&#10;Note that Mockito&apos;s inline mock maker is not supported on Android." type="org.mockito.exceptions.base.MockitoException">org.mockito.exceptions.base.MockitoException: 

The used MockMaker SubclassByteBuddyMockMaker does not support the creation of static mocks

Mockito's inline mock maker supports static mocks based on the Instrumentation API.
You can simply enable this mock mode, by placing the 'mockito-inline' artifact where you are currently using 'mockito-core'.
Note that Mockito's inline mock maker is not supported on Android.
	at DeleteUserWhiteboxMockTest.init(DeleteUserWhiteboxMockTest.java:23)
</error>
  </testcase>
  <testcase name="testCase3_admin" classname="DeleteUserWhiteboxMockTest" time="0.001">
    <error message="Cannot invoke &quot;org.mockito.MockedStatic.close()&quot; because &quot;this.persistenceMock&quot; is null" type="java.lang.NullPointerException">java.lang.NullPointerException: Cannot invoke "org.mockito.MockedStatic.close()" because "this.persistenceMock" is null
	at DeleteUserWhiteboxMockTest.tearDown(DeleteUserWhiteboxMockTest.java:33)
</error>
  </testcase>
  <testcase name="testCase1_travelerWithReservations" classname="DeleteUserWhiteboxMockTest" time="0.001">
    <error message="&#10;The used MockMaker SubclassByteBuddyMockMaker does not support the creation of static mocks&#10;&#10;Mockito&apos;s inline mock maker supports static mocks based on the Instrumentation API.&#10;You can simply enable this mock mode, by placing the &apos;mockito-inline&apos; artifact where you are currently using &apos;mockito-core&apos;.&#10;Note that Mockito&apos;s inline mock maker is not supported on Android." type="org.mockito.exceptions.base.MockitoException">org.mockito.exceptions.base.MockitoException: 

The used MockMaker SubclassByteBuddyMockMaker does not support the creation of static mocks

Mockito's inline mock maker supports static mocks based on the Instrumentation API.
You can simply enable this mock mode, by placing the 'mockito-inline' artifact where you are currently using 'mockito-core'.
Note that Mockito's inline mock maker is not supported on Android.
	at DeleteUserWhiteboxMockTest.init(DeleteUserWhiteboxMockTest.java:23)
</error>
  </testcase>
  <testcase name="testCase1_travelerWithReservations" classname="DeleteUserWhiteboxMockTest" time="0.001">
    <error message="Cannot invoke &quot;org.mockito.MockedStatic.close()&quot; because &quot;this.persistenceMock&quot; is null" type="java.lang.NullPointerException">java.lang.NullPointerException: Cannot invoke "org.mockito.MockedStatic.close()" because "this.persistenceMock" is null
	at DeleteUserWhiteboxMockTest.tearDown(DeleteUserWhiteboxMockTest.java:33)
</error>
  </testcase>
  <testcase name="testCase5_exception" classname="DeleteUserWhiteboxMockTest" time="0.001">
    <error message="&#10;The used MockMaker SubclassByteBuddyMockMaker does not support the creation of static mocks&#10;&#10;Mockito&apos;s inline mock maker supports static mocks based on the Instrumentation API.&#10;You can simply enable this mock mode, by placing the &apos;mockito-inline&apos; artifact where you are currently using &apos;mockito-core&apos;.&#10;Note that Mockito&apos;s inline mock maker is not supported on Android." type="org.mockito.exceptions.base.MockitoException">org.mockito.exceptions.base.MockitoException: 

The used MockMaker SubclassByteBuddyMockMaker does not support the creation of static mocks

Mockito's inline mock maker supports static mocks based on the Instrumentation API.
You can simply enable this mock mode, by placing the 'mockito-inline' artifact where you are currently using 'mockito-core'.
Note that Mockito's inline mock maker is not supported on Android.
	at DeleteUserWhiteboxMockTest.init(DeleteUserWhiteboxMockTest.java:23)
</error>
  </testcase>
  <testcase name="testCase5_exception" classname="DeleteUserWhiteboxMockTest" time="0.001">
    <error message="Cannot invoke &quot;org.mockito.MockedStatic.close()&quot; because &quot;this.persistenceMock&quot; is null" type="java.lang.NullPointerException">java.lang.NullPointerException: Cannot invoke "org.mockito.MockedStatic.close()" because "this.persistenceMock" is null
	at DeleteUserWhiteboxMockTest.tearDown(DeleteUserWhiteboxMockTest.java:33)
</error>
  </testcase>
  <testcase name="testCase2_driverWithRides" classname="DeleteUserWhiteboxMockTest" time="0.001">
    <error message="&#10;The used MockMaker SubclassByteBuddyMockMaker does not support the creation of static mocks&#10;&#10;Mockito&apos;s inline mock maker supports static mocks based on the Instrumentation API.&#10;You can simply enable this mock mode, by placing the &apos;mockito-inline&apos; artifact where you are currently using &apos;mockito-core&apos;.&#10;Note that Mockito&apos;s inline mock maker is not supported on Android." type="org.mockito.exceptions.base.MockitoException">org.mockito.exceptions.base.MockitoException: 

The used MockMaker SubclassByteBuddyMockMaker does not support the creation of static mocks

Mockito's inline mock maker supports static mocks based on the Instrumentation API.
You can simply enable this mock mode, by placing the 'mockito-inline' artifact where you are currently using 'mockito-core'.
Note that Mockito's inline mock maker is not supported on Android.
	at DeleteUserWhiteboxMockTest.init(DeleteUserWhiteboxMockTest.java:23)
</error>
  </testcase>
  <testcase name="testCase2_driverWithRides" classname="DeleteUserWhiteboxMockTest" time="0.001">
    <error message="Cannot invoke &quot;org.mockito.MockedStatic.close()&quot; because &quot;this.persistenceMock&quot; is null" type="java.lang.NullPointerException">java.lang.NullPointerException: Cannot invoke "org.mockito.MockedStatic.close()" because "this.persistenceMock" is null
	at DeleteUserWhiteboxMockTest.tearDown(DeleteUserWhiteboxMockTest.java:33)
</error>
  </testcase>
</testsuite>