<?xml version="1.0" encoding="UTF-8"?>
<testsuite xmlns:xsi="http://www.w3.org/2001/XMLSchema-instance" xsi:schemaLocation="https://maven.apache.org/surefire/maven-surefire-plugin/xsd/surefire-test-report.xsd" name="CreateReservationWhiteboxTest" time="0.768" tests="3" errors="0" skipped="0" failures="1">
  <properties>
[...]
</properties>
  <testcase name="test1" classname="CreateReservationWhiteboxTest" time="0.616"/>
  <testcase name="test2" classname="CreateReservationWhiteboxTest" time="0.038">
    <failure type="java.lang.AssertionError">java.lang.AssertionError
	at CreateReservationWhiteboxTest.test2(CreateReservationWhiteboxTest.java:93)
</failure>
    <system-out><![CDATA[TestDataAccess opened
>> TestDataAccess: addTravelerWithMoney
TestDataAccess closed
DataAccess opened => isDatabaseLocal: true
Dirua falta da
DataAcess closed
]]></system-out>
  </testcase>
  <testcase name="test3" classname="CreateReservationWhiteboxTest" time="0.026"/>
</testsuite>