<?xml version="1.0" encoding="UTF-8"?>
<testsuite xmlns:xsi="http://www.w3.org/2001/XMLSchema-instance" xsi:schemaLocation="https://maven.apache.org/surefire/maven-surefire-plugin/xsd/surefire-test-report.xsd" name="RegisterBlackboxMockTest" time="0.153" tests="10" errors="0" skipped="0" failures="10">
  <properties>
[...]
</properties>
  <testcase name="testRegisterNewDriver" classname="RegisterBlackboxMockTest" time="0.047">
    <failure type="java.lang.AssertionError">java.lang.AssertionError
	at RegisterBlackboxMockTest.testRegisterNewDriver(RegisterBlackboxMockTest.java:49)
</failure>
    <system-out><![CDATA[DataAccess opened => isDatabaseLocal: true
DataAcess closed
]]></system-out>
  </testcase>
  <testcase name="testRegisterInvalidEmail" classname="RegisterBlackboxMockTest" time="0.011">
    <failure message="Expected InvalidInputException" type="java.lang.AssertionError">java.lang.AssertionError: Expected InvalidInputException
	at RegisterBlackboxMockTest.testRegisterInvalidEmail(RegisterBlackboxMockTest.java:154)
</failure>
    <system-out><![CDATA[DataAccess opened => isDatabaseLocal: true
DataAcess closed
]]></system-out>
  </testcase>
  <testcase name="testRegisterPasswordNull" classname="RegisterBlackboxMockTest" time="0.01">
    <failure message="Expected InvalidInputException" type="java.lang.AssertionError">java.lang.AssertionError: Expected InvalidInputException
	at RegisterBlackboxMockTest.testRegisterPasswordNull(RegisterBlackboxMockTest.java:109)
</failure>
    <system-out><![CDATA[DataAccess opened => isDatabaseLocal: true
DataAcess closed
]]></system-out>
  </testcase>
  <testcase name="testRegisterMotaNull" classname="RegisterBlackboxMockTest" time="0.015">
    <failure message="Expected InvalidInputException" type="java.lang.AssertionError">java.lang.AssertionError: Expected InvalidInputException
	at RegisterBlackboxMockTest.testRegisterMotaNull(RegisterBlackboxMockTest.java:124)
</failure>
    <system-out><![CDATA[DataAccess opened => isDatabaseLocal: true
DataAcess closed
]]></system-out>
  </testcase>
  <testcase name="testRegisterInvalidPassword" classname="RegisterBlackboxMockTest" time="0.014">
    <failure message="Expected InvalidInputException" type="java.lang.AssertionError">java.lang.AssertionError: Expected InvalidInputException
	at RegisterBlackboxMockTest.testRegisterInvalidPassword(RegisterBlackboxMockTest.java:169)
</failure>
    <system-out><![CDATA[DataAccess opened => isDatabaseLocal: true
DataAcess closed
]]></system-out>
  </testcase>
  <testcase name="testRegisterInvalidMota" classname="RegisterBlackboxMockTest" time="0.012">
    <failure message="Expected InvalidInputException" type="java.lang.AssertionError">java.lang.AssertionError: Expected InvalidInputException
	at RegisterBlackboxMockTest.testRegisterInvalidMota(RegisterBlackboxMockTest.java:184)
</failure>
    <system-out><![CDATA[DataAccess opened => isDatabaseLocal: true
DataAcess closed
]]></system-out>
  </testcase>
  <testcase name="testRegisterInvalidName" classname="RegisterBlackboxMockTest" time="0.011">
    <failure message="Expected InvalidInputException" type="java.lang.AssertionError">java.lang.AssertionError: Expected InvalidInputException
	at RegisterBlackboxMockTest.testRegisterInvalidName(RegisterBlackboxMockTest.java:139)
</failure>
    <system-out><![CDATA[DataAccess opened => isDatabaseLocal: true
DataAcess closed
]]></system-out>
  </testcase>
  <testcase name="testRegisterNameNull" classname="RegisterBlackboxMockTest" time="0.01">
    <failure message="Expected InvalidInputException" type="java.lang.AssertionError">java.lang.AssertionError: Expected InvalidInputException
	at RegisterBlackboxMockTest.testRegisterNameNull(RegisterBlackboxMockTest.java:77)
</failure>
    <system-out><![CDATA[DataAccess opened => isDatabaseLocal: true
DataAcess closed
]]></system-out>
  </testcase>
  <testcase name="testRegisterUserAlreadyExists" classname="RegisterBlackboxMockTest" time="0.012">
    <failure message="Expected UserAlreadyExistsException" type="java.lang.AssertionError">java.lang.AssertionError: Expected UserAlreadyExistsException
	at RegisterBlackboxMockTest.testRegisterUserAlreadyExists(RegisterBlackboxMockTest.java:62)
</failure>
    <system-out><![CDATA[DataAccess opened => isDatabaseLocal: true
DataAcess closed
]]></system-out>
  </testcase>
  <testcase name="testRegisterEmailNull" classname="RegisterBlackboxMockTest" time="0.01">
    <failure message="Expected InvalidInputException" type="java.lang.AssertionError">java.lang.AssertionError: Expected InvalidInputException
	at RegisterBlackboxMockTest.testRegisterEmailNull(RegisterBlackboxMockTest.java:93)
</failure>
    <system-out><![CDATA[DataAccess opened => isDatabaseLocal: true
DataAcess closed
]]></system-out>
  </testcase>
</testsuite>