<?xml version="1.0" encoding="UTF-8"?>
<testsuite xmlns:xsi="http://www.w3.org/2001/XMLSchema-instance" xsi:schemaLocation="https://maven.apache.org/surefire/maven-surefire-plugin/xsd/surefire-test-report.xsd" name="DeleteUserBlackboxTest" time="0.047" tests="4" errors="0" skipped="0" failures="2">
  <properties>
[...]
</properties>
  <testcase name="testCase1_deleteTraveler" classname="DeleteUserBlackboxTest" time="0.02">
    <failure type="java.lang.AssertionError">java.lang.AssertionError
	at DeleteUserBlackboxTest.testCase1_deleteTraveler(DeleteUserBlackboxTest.java:30)
</failure>
    <system-out><![CDATA[Operation failed
DataAccess opened => isDatabaseLocal: true
DataAccess created => isDatabaseLocal: true isDatabaseInitialized: true
DataAcess closed
TestDataAccess created
TestDataAccess opened
TestDataAccess closed
DataAccess opened => isDatabaseLocal: true
DataAcess closed
]]></system-out>
    <system-err><![CDATA[[ObjectDB 2.8.1] javax.persistence.RollbackException
Failed to commit transaction: Attempt to reuse an existing primary key value (domain.Car:'ABA') (error 613)
	at com.objectdb.jpa.EMImpl.commit(EMImpl.java:289)
	at dataAccess.DataAccess.initializeDB(DataAccess.java:161)
	at dataAccess.DataAccess.<init>(DataAccess.java:68)
	at DeleteUserBlackboxTest.<clinit>(DeleteUserBlackboxTest.java:18)
	at java.base/jdk.internal.misc.Unsafe.ensureClassInitialized0(Native Method)
	at java.base/jdk.internal.misc.Unsafe.ensureClassInitialized(Unsafe.java:1160)
	at java.base/jdk.internal.reflect.MethodHandleAccessorFactory.ensureClassInitialized(MethodHandleAccessorFactory.java:300)
	at java.base/jdk.internal.reflect.MethodHandleAccessorFactory.newConstructorAccessor(MethodHandleAccessorFactory.java:103)
	at java.base/jdk.internal.reflect.ReflectionFactory.newConstructorAccessor(ReflectionFactory.java:200)
	at java.base/java.lang.reflect.Constructor.acquireConstructorAccessor(Constructor.java:549)
	at java.base/java.lang.reflect.Constructor.newInstanceWithCaller(Constructor.java:499)
	at java.base/java.lang.reflect.Constructor.newInstance(Constructor.java:486)
	at org.junit.runners.BlockJUnit4ClassRunner.createTest(BlockJUnit4ClassRunner.java:250)
	at org.junit.runners.BlockJUnit4ClassRunner.createTest(BlockJUnit4ClassRunner.java:260)
	at org.junit.runners.BlockJUnit4ClassRunner$2.runReflectiveCall(BlockJUnit4ClassRunner.java:309)
	at org.junit.internal.runners.model.ReflectiveCallable.run(ReflectiveCallable.java:12)
	at org.junit.runners.BlockJUnit4ClassRunner.methodBlock(BlockJUnit4ClassRunner.java:306)
	at org.junit.runners.BlockJUnit4ClassRunner$1.evaluate(BlockJUnit4ClassRunner.java:100)
	at org.junit.runners.ParentRunner.runLeaf(ParentRunner.java:366)
	at org.junit.runners.BlockJUnit4ClassRunner.runChild(BlockJUnit4ClassRunner.java:103)
	at org.junit.runners.BlockJUnit4ClassRunner.runChild(BlockJUnit4ClassRunner.java:63)
	at org.junit.runners.ParentRunner$4.run(ParentRunner.java:331)
	at org.junit.runners.ParentRunner$1.schedule(ParentRunner.java:79)
	at org.junit.runners.ParentRunner.runChildren(ParentRunner.java:329)
	at org.junit.runners.ParentRunner.access$100(ParentRunner.java:66)
	at org.junit.runners.ParentRunner$2.evaluate(ParentRunner.java:293)
	at org.junit.runners.ParentRunner$3.evaluate(ParentRunner.java:306)
	at org.junit.runners.ParentRunner.run(ParentRunner.java:413)
	at org.apache.maven.surefire.junit4.JUnit4Provider.execute(JUnit4Provider.java:367)
	at org.apache.maven.surefire.junit4.JUnit4Provider.executeWithRerun(JUnit4Provider.java:274)
	at org.apache.maven.surefire.junit4.JUnit4Provider.executeTestSet(JUnit4Provider.java:238)
	at org.apache.maven.surefire.junit4.JUnit4Provider.invoke(JUnit4Provider.java:161)
	at org.apache.maven.surefire.booter.ForkedBooter.invokeProviderInSameClassLoader(ForkedBooter.java:290)
	at org.apache.maven.surefire.booter.ForkedBooter.runSuitesInProcess(ForkedBooter.java:242)
	at org.apache.maven.surefire.booter.ForkedBooter.main(ForkedBooter.java:121)
Caused by: javax.persistence.EntityExistsException: com.objectdb.o.UserException: Attempt to reuse an existing primary key value (domain.Car:'ABA')
	at com.objectdb.o._EntityExistsException.a(_EntityExistsException.java:46)
	at com.objectdb.o.JPE.d(JPE.java:100)
	at com.objectdb.o.JPE.d(JPE.java:80)
	... 37 more
Caused by: com.objectdb.o.UserException: Attempt to reuse an existing primary key value (domain.Car:'ABA')
	at com.objectdb.o.MSG.a(MSG.java:64)
	at com.objectdb.o.PPW.ad(PPW.java:209)
	at com.objectdb.o.PGW.ak(PGW.java:212)
	at com.objectdb.o.UPT.u(UPT.java:135)
	at com.objectdb.o.URT.g(URT.java:173)
	at com.objectdb.o.TSK.b(TSK.java:146)
	at com.objectdb.o.TSK.c(TSK.java:96)
	at com.objectdb.o.TSM.a(TSM.java:88)
	at com.objectdb.o.UTT.r(UTT.java:377)
	at com.objectdb.o.UTT.g(UTT.java:210)
	at com.objectdb.o.TSK.b(TSK.java:146)
	at com.objectdb.o.TSK.c(TSK.java:96)
	at com.objectdb.o.TSM.a(TSM.java:88)
	at com.objectdb.o.MST.ZR(MST.java:1437)
	at com.objectdb.o.WRA.ZR(WRA.java:398)
	at com.objectdb.o.WSM.ZR(WSM.java:186)
	at com.objectdb.o.OBM.aP(OBM.java:959)
	at com.objectdb.o.OBM.aS(OBM.java:859)
	at com.objectdb.o.OBM.aG(OBM.java:759)
	at com.objectdb.jpa.EMImpl.commit(EMImpl.java:286)
	... 34 more
java.lang.IllegalArgumentException: Unexpected null argument
	at com.objectdb.o.ERR.assertNotNull(ERR.java:232)
	at com.objectdb.jpa.EMImpl.remove(EMImpl.java:431)
	at dataAccess.DataAccess.deleteUser(DataAccess.java:689)
	at DeleteUserBlackboxTest.testCase1_deleteTraveler(DeleteUserBlackboxTest.java:28)
	at java.base/jdk.internal.reflect.DirectMethodHandleAccessor.invoke(DirectMethodHandleAccessor.java:103)
	at java.base/java.lang.reflect.Method.invoke(Method.java:580)
	at org.junit.runners.model.FrameworkMethod$1.runReflectiveCall(FrameworkMethod.java:59)
	at org.junit.internal.runners.model.ReflectiveCallable.run(ReflectiveCallable.java:12)
	at org.junit.runners.model.FrameworkMethod.invokeExplosively(FrameworkMethod.java:56)
	at org.junit.internal.runners.statements.InvokeMethod.evaluate(InvokeMethod.java:17)
	at org.junit.runners.ParentRunner$3.evaluate(ParentRunner.java:306)
	at org.junit.runners.BlockJUnit4ClassRunner$1.evaluate(BlockJUnit4ClassRunner.java:100)
	at org.junit.runners.ParentRunner.runLeaf(ParentRunner.java:366)
	at org.junit.runners.BlockJUnit4ClassRunner.runChild(BlockJUnit4ClassRunner.java:103)
	at org.junit.runners.BlockJUnit4ClassRunner.runChild(BlockJUnit4ClassRunner.java:63)
	at org.junit.runners.ParentRunner$4.run(ParentRunner.java:331)
	at org.junit.runners.ParentRunner$1.schedule(ParentRunner.java:79)
	at org.junit.runners.ParentRunner.runChildren(ParentRunner.java:329)
	at org.junit.runners.ParentRunner.access$100(ParentRunner.java:66)
	at org.junit.runners.ParentRunner$2.evaluate(ParentRunner.java:293)
	at org.junit.runners.ParentRunner$3.evaluate(ParentRunner.java:306)
	at org.junit.runners.ParentRunner.run(ParentRunner.java:413)
	at org.apache.maven.surefire.junit4.JUnit4Provider.execute(JUnit4Provider.java:367)
	at org.apache.maven.surefire.junit4.JUnit4Provider.executeWithRerun(JUnit4Provider.java:274)
	at org.apache.maven.surefire.junit4.JUnit4Provider.executeTestSet(JUnit4Provider.java:238)
	at org.apache.maven.surefire.junit4.JUnit4Provider.invoke(JUnit4Provider.java:161)
	at org.apache.maven.surefire.booter.ForkedBooter.invokeProviderInSameClassLoader(ForkedBooter.java:290)
	at org.apache.maven.surefire.booter.ForkedBooter.runSuitesInProcess(ForkedBooter.java:242)
	at org.apache.maven.surefire.booter.ForkedBooter.main(ForkedBooter.java:121)
]]></system-err>
  </testcase>
  <testcase name="testCase4_invalidUser" classname="DeleteUserBlackboxTest" time="0.007"/>
  <testcase name="testCase5_nullUser" classname="DeleteUserBlackboxTest" time="0.007"/>
  <testcase name="testCase2_deleteDriver" classname="DeleteUserBlackboxTest" time="0.013">
    <failure type="java.lang.AssertionError">java.lang.AssertionError
	at DeleteUserBlackboxTest.testCase2_deleteDriver(DeleteUserBlackboxTest.java:45)
</failure>
    <system-out><![CDATA[TestDataAccess opened
TestDataAccess closed
DataAccess opened => isDatabaseLocal: true
DataAcess closed
]]></system-out>
    <system-err><![CDATA[java.lang.IllegalArgumentException: Unexpected null argument
	at com.objectdb.o.ERR.assertNotNull(ERR.java:232)
	at com.objectdb.jpa.EMImpl.remove(EMImpl.java:431)
	at dataAccess.DataAccess.deleteUser(DataAccess.java:689)
	at DeleteUserBlackboxTest.testCase2_deleteDriver(DeleteUserBlackboxTest.java:43)
	at java.base/jdk.internal.reflect.DirectMethodHandleAccessor.invoke(DirectMethodHandleAccessor.java:103)
	at java.base/java.lang.reflect.Method.invoke(Method.java:580)
	at org.junit.runners.model.FrameworkMethod$1.runReflectiveCall(FrameworkMethod.java:59)
	at org.junit.internal.runners.model.ReflectiveCallable.run(ReflectiveCallable.java:12)
	at org.junit.runners.model.FrameworkMethod.invokeExplosively(FrameworkMethod.java:56)
	at org.junit.internal.runners.statements.InvokeMethod.evaluate(InvokeMethod.java:17)
	at org.junit.runners.ParentRunner$3.evaluate(ParentRunner.java:306)
	at org.junit.runners.BlockJUnit4ClassRunner$1.evaluate(BlockJUnit4ClassRunner.java:100)
	at org.junit.runners.ParentRunner.runLeaf(ParentRunner.java:366)
	at org.junit.runners.BlockJUnit4ClassRunner.runChild(BlockJUnit4ClassRunner.java:103)
	at org.junit.runners.BlockJUnit4ClassRunner.runChild(BlockJUnit4ClassRunner.java:63)
	at org.junit.runners.ParentRunner$4.run(ParentRunner.java:331)
	at org.junit.runners.ParentRunner$1.schedule(ParentRunner.java:79)
	at org.junit.runners.ParentRunner.runChildren(ParentRunner.java:329)
	at org.junit.runners.ParentRunner.access$100(ParentRunner.java:66)
	at org.junit.runners.ParentRunner$2.evaluate(ParentRunner.java:293)
	at org.junit.runners.ParentRunner$3.evaluate(ParentRunner.java:306)
	at org.junit.runners.ParentRunner.run(ParentRunner.java:413)
	at org.apache.maven.surefire.junit4.JUnit4Provider.execute(JUnit4Provider.java:367)
	at org.apache.maven.surefire.junit4.JUnit4Provider.executeWithRerun(JUnit4Provider.java:274)
	at org.apache.maven.surefire.junit4.JUnit4Provider.executeTestSet(JUnit4Provider.java:238)
	at org.apache.maven.surefire.junit4.JUnit4Provider.invoke(JUnit4Provider.java:161)
	at org.apache.maven.surefire.booter.ForkedBooter.invokeProviderInSameClassLoader(ForkedBooter.java:290)
	at org.apache.maven.surefire.booter.ForkedBooter.runSuitesInProcess(ForkedBooter.java:242)
	at org.apache.maven.surefire.booter.ForkedBooter.main(ForkedBooter.java:121)
]]></system-err>
  </testcase>
</testsuite>